2013-12-09 19:27:05 [INFO] Starting minecraft server version 1.5.2
2013-12-09 19:27:46 [INFO] Loading properties
2013-12-09 19:27:46 [WARNING] server.properties does not exist
2013-12-09 19:27:46 [INFO] Generating new properties file
2013-12-09 19:27:47 [INFO] Default game type: SURVIVAL
2013-12-09 19:27:47 [INFO] Generating keypair
2013-12-09 19:27:48 [INFO] Starting Minecraft server on *:25565
2013-12-09 19:28:16 [WARNING] Failed to load operators list: java.io.FileNotFoundException: .\ops.txt (The system cannot find the file specified)
2013-12-09 19:28:16 [WARNING] Failed to load white-list: java.io.FileNotFoundException: .\white-list.txt (The system cannot find the file specified)
2013-12-09 19:28:16 [INFO] Preparing level "world"
2013-12-09 19:28:20 [INFO] Preparing start region for level 0
2013-12-09 19:28:21 [INFO] Preparing spawn area: 4%
2013-12-09 19:28:22 [INFO] Preparing spawn area: 5%
2013-12-09 19:28:24 [INFO] Preparing spawn area: 9%
2013-12-09 19:28:25 [INFO] Preparing spawn area: 14%
2013-12-09 19:28:26 [INFO] Preparing spawn area: 22%
2013-12-09 19:28:27 [INFO] Preparing spawn area: 26%
2013-12-09 19:28:28 [INFO] Preparing spawn area: 30%
2013-12-09 19:28:29 [INFO] Preparing spawn area: 36%
2013-12-09 19:28:30 [INFO] Preparing spawn area: 41%
2013-12-09 19:28:31 [INFO] Preparing spawn area: 46%
2013-12-09 19:28:32 [INFO] Preparing spawn area: 51%
2013-12-09 19:28:33 [INFO] Preparing spawn area: 53%
2013-12-09 19:28:34 [INFO] Preparing spawn area: 60%
2013-12-09 19:28:35 [INFO] Preparing spawn area: 63%
2013-12-09 19:28:36 [INFO] Preparing spawn area: 67%
2013-12-09 19:28:37 [INFO] Preparing spawn area: 70%
2013-12-09 19:28:39 [INFO] Preparing spawn area: 78%
2013-12-09 19:28:40 [INFO] Preparing spawn area: 83%
2013-12-09 19:28:41 [INFO] Preparing spawn area: 91%
2013-12-09 19:28:42 [INFO] Preparing spawn area: 97%
2013-12-09 19:28:42 [INFO] Done (26.254s)! For help, type "help" or "?"
2013-12-09 19:28:42 [INFO] Damage Indicators Mod v.2.7.0.1 is out of date. v.2.9.1.6 is now available.
2013-12-09 19:29:16 [INFO] kylen8tr[/127.0.0.1:2565] logged in with entity id 3062 at (104.5, 64.0, 247.5)
2013-12-09 19:30:15 [INFO] kylen8tr lost connection: disconnect.quitting
2013-12-09 19:30:24 [INFO] Saving...
2013-12-09 19:30:25 [INFO] Saved the world
2013-12-09 19:30:28 [INFO] Stopping the server
2013-12-09 19:30:29 [INFO] Stopping server
2013-12-09 19:30:29 [INFO] Saving players
2013-12-09 19:30:29 [INFO] Saving worlds
2013-12-09 19:30:29 [INFO] Saving chunks for level 'world'/Overworld
2013-12-09 19:30:29 [INFO] Closing listening thread
2013-12-09 19:30:29 [INFO] Saving chunks for level 'world'/Nether
2013-12-09 19:30:30 [INFO] Stopping server
2013-12-09 19:30:30 [INFO] Saving players
2013-12-09 19:30:30 [INFO] Saving worlds
2013-12-09 19:37:11 [INFO] Starting minecraft server version 1.5.2
2013-12-09 19:37:54 [INFO] Loading properties
2013-12-09 19:37:54 [INFO] Default game type: SURVIVAL
2013-12-09 19:37:54 [INFO] Generating keypair
2013-12-09 19:37:55 [INFO] Starting Minecraft server on *:25565
2013-12-09 19:38:24 [INFO] Preparing level "world"
2013-12-09 19:38:26 [INFO] Preparing start region for level 0
2013-12-09 19:38:27 [INFO] Preparing spawn area: 22%
2013-12-09 19:38:28 [INFO] Done (3.755s)! For help, type "help" or "?"
2013-12-09 19:38:28 [INFO] Damage Indicators Mod v.2.7.0.1 is out of date. v.2.9.1.6 is now available.
2013-12-09 19:38:33 [WARNING] Can't keep up! Did the system time change, or is the server overloaded?
2013-12-09 19:38:40 [INFO] kylen8tr[/127.0.0.1:3533] logged in with entity id 414 at (107.6866652350442, 63.0, 263.2609928437048)
2013-12-09 19:39:02 [INFO] [kylen8tr: Set own game mode to Creative Mode]
2013-12-09 19:39:52 [INFO] kylen8tr lost connection: disconnect.quitting
2013-12-09 19:40:00 [INFO] Stopping the server
2013-12-09 19:40:01 [INFO] Stopping server
2013-12-09 19:40:01 [INFO] Saving players
2013-12-09 19:40:01 [INFO] Saving worlds
2013-12-09 19:40:01 [INFO] Closing listening thread
2013-12-09 19:40:01 [INFO] Saving chunks for level 'world'/Overworld
2013-12-09 19:40:01 [INFO] Saving chunks for level 'world'/Nether
2013-12-09 19:40:01 [INFO] Stopping server
2013-12-09 19:40:01 [INFO] Saving players
2013-12-09 19:40:01 [INFO] Saving worlds
2013-12-09 19:40:59 [INFO] Starting minecraft server version 1.5.2
2013-12-09 19:41:45 [INFO] Loading properties
2013-12-09 19:41:45 [INFO] Default game type: SURVIVAL
2013-12-09 19:41:45 [INFO] Generating keypair
2013-12-09 19:41:45 [INFO] Starting Minecraft server on *:25565
2013-12-09 19:42:32 [INFO] Preparing level "world"
2013-12-09 19:42:38 [INFO] Preparing start region for level 0
2013-12-09 19:42:39 [INFO] Preparing spawn area: 0%
2013-12-09 19:42:40 [INFO] Preparing spawn area: 12%
2013-12-09 19:42:41 [INFO] Preparing spawn area: 46%
2013-12-09 19:42:42 [INFO] Preparing spawn area: 93%
2013-12-09 19:42:42 [INFO] Done (9.486s)! For help, type "help" or "?"
2013-12-09 19:42:43 [INFO] Damage Indicators Mod v.2.7.0.1 is out of date. v.2.9.1.6 is now available.
2013-12-09 19:43:10 [INFO] /127.0.0.1:3824 lost connection
2013-12-09 19:43:14 [INFO] kylen8tr[/127.0.0.1:3825] logged in with entity id 419 at (119.30000001192093, 67.0, 251.47137961664805)
2013-12-09 19:43:30 [WARNING] Can't keep up! Did the system time change, or is the server overloaded?
2013-12-09 19:45:44 [INFO] Stopping the server
2013-12-09 19:45:45 [INFO] Stopping server
2013-12-09 19:45:45 [INFO] Saving players
2013-12-09 19:45:45 [INFO] Closing listening thread
2013-12-09 19:45:45 [INFO] Saving worlds
2013-12-09 19:45:45 [INFO] Saving chunks for level 'world'/Overworld
2013-12-09 19:45:45 [INFO] Saving chunks for level 'world'/Nether
2013-12-09 19:45:46 [INFO] Stopping server
2013-12-09 19:45:46 [INFO] Saving players
2013-12-09 19:45:46 [INFO] Saving worlds
2013-12-09 19:47:11 [INFO] Starting minecraft server version 1.5.2
2013-12-09 19:48:01 [INFO] Loading properties
2013-12-09 19:48:01 [INFO] Default game type: SURVIVAL
2013-12-09 19:48:01 [INFO] Generating keypair
2013-12-09 19:48:01 [INFO] Starting Minecraft server on *:25565
2013-12-09 19:48:34 [INFO] Preparing level "world"
2013-12-09 19:48:36 [INFO] Preparing start region for level 0
2013-12-09 19:48:37 [INFO] Preparing spawn area: 41%
2013-12-09 19:48:39 [INFO] Preparing spawn area: 84%
2013-12-09 19:48:39 [INFO] Done (4.974s)! For help, type "help" or "?"
2013-12-09 19:48:40 [INFO] Damage Indicators Mod v.2.7.0.1 is out of date. v.2.9.1.6 is now available.
2013-12-09 19:48:42 [WARNING] Can't keep up! Did the system time change, or is the server overloaded?
2013-12-09 19:48:48 [INFO] Stopping the server
2013-12-09 19:48:49 [INFO] Stopping server
2013-12-09 19:48:49 [INFO] Saving players
2013-12-09 19:48:49 [INFO] Saving worlds
2013-12-09 19:48:49 [INFO] Saving chunks for level 'world'/Overworld
2013-12-09 19:48:49 [INFO] Closing listening thread
2013-12-09 19:48:49 [INFO] Saving chunks for level 'world'/Nether
2013-12-09 19:48:49 [INFO] Saving chunks for level 'world'/The End
2013-12-09 19:48:49 [INFO] Saving chunks for level 'world'/Twilight Forest
2013-12-09 19:48:50 [INFO] Stopping server
2013-12-09 19:48:50 [INFO] Saving players
2013-12-09 19:48:50 [INFO] Saving worlds
2013-12-09 19:49:48 [INFO] Starting minecraft server version 1.5.2
2013-12-09 19:49:54 [SEVERE] BukkitForge plugins may misbehave when using the gui! Run the server with 'nogui'!
2013-12-09 19:50:33 [INFO] Loading properties
2013-12-09 19:50:33 [INFO] Default game type: SURVIVAL
2013-12-09 19:50:33 [INFO] Generating keypair
2013-12-09 19:50:33 [INFO] Starting Minecraft server on *:25565
2013-12-09 19:51:08 [INFO] Preparing level "world"
2013-12-09 19:51:09 [INFO] Preparing start region for level 0
2013-12-09 19:51:10 [INFO] Preparing spawn area: 25%
2013-12-09 19:51:11 [INFO] Preparing spawn area: 89%
2013-12-09 19:51:11 [INFO] Done (3.291s)! For help, type "help" or "?"
2013-12-09 19:51:12 [INFO] Damage Indicators Mod v.2.7.0.1 is out of date. v.2.9.1.6 is now available.
2013-12-09 19:51:15 [WARNING] Can't keep up! Did the system time change, or is the server overloaded?
2013-12-09 19:52:38 [INFO] /127.0.0.1:4461 lost connection
2013-12-09 19:52:43 [INFO] kylen8tr[/127.0.0.1:4462] logged in with entity id 401 at (116.3404994550501, 67.0, 254.04551750234629)
2013-12-09 19:53:21 [WARNING] Can't keep up! Did the system time change, or is the server overloaded?
2013-12-09 19:53:28 [INFO] kylen8tr lost connection: disconnect.quitting
2013-12-09 19:59:29 [INFO] Stopping the server
2013-12-09 19:59:30 [INFO] Closing listening thread
2013-12-09 19:59:30 [INFO] Stopping server
2013-12-09 19:59:30 [INFO] Saving players
2013-12-09 19:59:30 [INFO] Saving worlds
2013-12-09 19:59:30 [INFO] Saving chunks for level 'world'/Overworld
2013-12-09 19:59:30 [INFO] Saving chunks for level 'world'/Nether
2013-12-09 19:59:32 [INFO] Stopping server
2013-12-09 19:59:32 [INFO] Saving players
2013-12-09 19:59:32 [INFO] Saving worlds
2013-12-09 19:59:48 [INFO] Starting minecraft server version 1.5.2
2013-12-09 19:59:54 [SEVERE] BukkitForge plugins may misbehave when using the gui! Run the server with 'nogui'!
2013-12-09 20:00:35 [INFO] Loading properties
2013-12-09 20:00:35 [INFO] Default game type: SURVIVAL
2013-12-09 20:00:35 [INFO] Generating keypair
2013-12-09 20:00:36 [INFO] Starting Minecraft server on *:25565
2013-12-09 20:01:09 [INFO] Preparing level "world"
2013-12-09 20:01:10 [INFO] Preparing start region for level 0
2013-12-09 20:01:12 [INFO] Preparing spawn area: 24%
2013-12-09 20:01:13 [INFO] Preparing spawn area: 69%
2013-12-09 20:01:14 [INFO] Done (4.749s)! For help, type "help" or "?"
2013-12-09 20:01:15 [INFO] Damage Indicators Mod v.2.7.0.1 is out of date. v.2.9.1.6 is now available.
2013-12-09 20:01:16 [INFO] /127.0.0.1:5064 lost connection
2013-12-09 20:01:16 [INFO] /127.0.0.1:5067 lost connection
2013-12-09 20:01:27 [INFO] Disconnecting kylen8tr [/127.0.0.1:5069]: Patience, my padawan! BukkitForge is still loading.
2013-12-09 20:01:40 [WARNING] Can't keep up! Did the system time change, or is the server overloaded?
2013-12-09 20:01:43 [INFO] kylen8tr[/127.0.0.1:5082] logged in with entity id 398 at (161.29389099780326, 64.0, 256.6914407263292)
2013-12-09 20:02:16 [WARNING] Can't keep up! Did the system time change, or is the server overloaded?
2013-12-09 20:06:52 [INFO] Starting minecraft server version 1.5.2
2013-12-09 20:06:59 [SEVERE] BukkitForge plugins may misbehave when using the gui! Run the server with 'nogui'!
2013-12-09 20:07:40 [INFO] Loading properties
2013-12-09 20:07:40 [INFO] Default game type: SURVIVAL
2013-12-09 20:07:40 [INFO] Generating keypair
2013-12-09 20:07:41 [INFO] Starting Minecraft server on *:25565
2013-12-09 20:08:09 [INFO] Preparing level "world"
2013-12-09 20:08:10 [INFO] Preparing start region for level 0
2013-12-09 20:08:11 [INFO] Preparing spawn area: 16%
2013-12-09 20:08:12 [INFO] Preparing spawn area: 61%
2013-12-09 20:08:13 [INFO] Preparing spawn area: 97%
2013-12-09 20:08:13 [INFO] Done (4.601s)! For help, type "help" or "?"
2013-12-09 20:08:16 [INFO] Damage Indicators Mod v.2.7.0.1 is out of date. v.2.9.1.6 is now available.
2013-12-09 20:08:19 [WARNING] Can't keep up! Did the system time change, or is the server overloaded?
2013-12-09 20:08:58 [INFO] kylen8tr[/127.0.0.1:5158] logged in with entity id 412 at (210.4750528739844, 86.10490812670758, 299.8036160472091)
2013-12-09 20:09:13 [WARNING] Can't keep up! Did the system time change, or is the server overloaded?
2013-12-09 20:10:14 [WARNING] Can't keep up! Did the system time change, or is the server overloaded?
2013-12-09 20:10:39 [WARNING] Can't keep up! Did the system time change, or is the server overloaded?
2013-12-09 20:10:52 [WARNING] Can't keep up! Did the system time change, or is the server overloaded?
2013-12-09 20:11:20 [WARNING] Can't keep up! Did the system time change, or is the server overloaded?
2013-12-09 20:11:40 [WARNING] Can't keep up! Did the system time change, or is the server overloaded?
2013-12-09 20:20:40 [WARNING] Can't keep up! Did the system time change, or is the server overloaded?
2013-12-09 20:33:26 [WARNING] Can't keep up! Did the system time change, or is the server overloaded?
2013-12-09 20:56:55 [INFO] [kylen8tr: Stopping the server]
2013-12-09 20:56:56 [INFO] Closing listening thread
2013-12-09 20:56:56 [INFO] Stopping server
2013-12-09 20:56:56 [INFO] Saving players
2013-12-09 20:56:56 [INFO] Saving worlds
2013-12-09 20:56:56 [INFO] Saving chunks for level 'world'/Overworld
2013-12-09 20:56:57 [INFO] Saving chunks for level 'world'/Nether
2013-12-09 20:57:00 [INFO] Stopping server
2013-12-09 20:57:00 [INFO] Saving players
2013-12-09 20:57:00 [INFO] Saving worlds
2013-12-13 11:57:23 [INFO] Starting minecraft server version 1.5.2
2013-12-13 11:57:32 [SEVERE] BukkitForge plugins may misbehave when using the gui! Run the server with 'nogui'!
2013-12-13 11:58:07 [INFO] Loading properties
2013-12-13 11:58:07 [INFO] Default game type: SURVIVAL
2013-12-13 11:58:07 [INFO] Generating keypair
2013-12-13 11:58:08 [INFO] Starting Minecraft server on *:25565
2013-12-13 11:58:41 [INFO] Preparing level "world"
2013-12-13 11:58:43 [INFO] Preparing start region for level 0
2013-12-13 11:58:44 [INFO] Preparing spawn area: 35%
2013-12-13 11:58:45 [INFO] Preparing spawn area: 71%
2013-12-13 11:58:47 [INFO] Preparing spawn area: 86%
2013-12-13 11:58:47 [INFO] Done (6.240s)! For help, type "help" or "?"
2013-12-13 11:58:48 [INFO] Damage Indicators Mod v.2.7.0.1 is out of date. v.2.9.1.6 is now available.
2013-12-13 11:58:53 [WARNING] Can't keep up! Did the system time change, or is the server overloaded?
2013-12-13 12:00:50 [INFO] kylen8tr[/127.0.0.1:1380] logged in with entity id 489 at (61.01705840226901, 57.0, 234.8378990947809)
2013-12-13 12:01:45 [INFO] kylen8tr lost connection: disconnect.quitting
2013-12-13 12:01:54 [INFO] Stopping the server
2013-12-13 12:01:54 [INFO] Closing listening thread
2013-12-13 12:01:55 [INFO] Stopping server
2013-12-13 12:01:55 [INFO] Saving players
2013-12-13 12:01:55 [INFO] Saving worlds
2013-12-13 12:01:55 [INFO] Saving chunks for level 'world'/Overworld
2013-12-13 12:01:55 [INFO] Saving chunks for level 'world'/Nether
2013-12-13 12:01:55 [INFO] Stopping server
2013-12-13 12:01:55 [INFO] Saving players
2013-12-13 12:01:55 [INFO] Saving worlds
2013-12-13 13:59:07 [INFO] Starting minecraft server version 1.5.2
2013-12-13 13:59:14 [SEVERE] BukkitForge plugins may misbehave when using the gui! Run the server with 'nogui'!
2013-12-13 13:59:52 [INFO] Loading properties
2013-12-13 13:59:52 [INFO] Default game type: SURVIVAL
2013-12-13 13:59:52 [INFO] Generating keypair
2013-12-13 13:59:53 [INFO] Starting Minecraft server on *:25565
2013-12-13 14:00:24 [INFO] Preparing level "world"
2013-12-13 14:00:26 [INFO] Preparing start region for level 0
2013-12-13 14:00:27 [INFO] Preparing spawn area: 14%
2013-12-13 14:00:28 [INFO] Done (4.291s)! For help, type "help" or "?"
2013-12-13 14:00:30 [INFO] Damage Indicators Mod v.2.7.0.1 is out of date. v.2.9.1.6 is now available.
2013-12-13 14:00:33 [WARNING] Can't keep up! Did the system time change, or is the server overloaded?
2013-12-13 14:00:53 [WARNING] Can't keep up! Did the system time change, or is the server overloaded?
2013-12-13 14:01:42 [INFO] kylen8tr[/127.0.0.1:1239] logged in with entity id 423 at (58.852988506199736, 57.0, 236.2073052430226)
2013-12-13 15:38:23 [WARNING] Can't keep up! Did the system time change, or is the server overloaded?
2013-12-13 16:24:15 [WARNING] Can't keep up! Did the system time change, or is the server overloaded?
2013-12-13 16:42:56 [WARNING] Can't keep up! Did the system time change, or is the server overloaded?
2013-12-13 16:51:33 [INFO] kylen8tr lost connection: disconnect.quitting
2013-12-13 16:51:54 [INFO] Unknown command. Try /help for a list of commands.
2013-12-13 16:52:03 [INFO] Stopping the server
2013-12-13 16:52:03 [INFO] Closing listening thread
2013-12-13 16:52:03 [INFO] Stopping server
2013-12-13 16:52:03 [INFO] Saving players
2013-12-13 16:52:03 [INFO] Saving worlds
2013-12-13 16:52:03 [INFO] Saving chunks for level 'world'/Overworld
2013-12-13 16:52:03 [INFO] Saving chunks for level 'world'/Nether
2013-12-13 16:52:03 [INFO] Stopping server
2013-12-13 16:52:03 [INFO] Saving players
2013-12-13 16:52:03 [INFO] Saving worlds
2013-12-13 21:04:30 [INFO] Starting minecraft server version 1.5.2
2013-12-13 21:04:36 [SEVERE] BukkitForge plugins may misbehave when using the gui! Run the server with 'nogui'!
2013-12-13 21:05:10 [INFO] Loading properties
2013-12-13 21:05:10 [INFO] Default game type: SURVIVAL
2013-12-13 21:05:10 [INFO] Generating keypair
2013-12-13 21:05:11 [INFO] Starting Minecraft server on *:25565
2013-12-13 21:05:45 [INFO] Preparing level "world"
2013-12-13 21:05:47 [INFO] Preparing start region for level 0
2013-12-13 21:05:48 [INFO] Preparing spawn area: 62%
2013-12-13 21:05:48 [INFO] Done (4.039s)! For help, type "help" or "?"
2013-12-13 21:05:49 [INFO] Damage Indicators Mod v.2.7.0.1 is out of date. v.2.9.1.6 is now available.
2013-12-13 21:05:57 [WARNING] Can't keep up! Did the system time change, or is the server overloaded?
2013-12-13 21:11:58 [INFO] kylen8tr[/127.0.0.1:6406] logged in with entity id 651 at (65.09593606542283, 57.0, 225.22944286329303)
2013-12-13 21:12:27 [WARNING] Can't keep up! Did the system time change, or is the server overloaded?
2013-12-13 21:12:56 [WARNING] Can't keep up! Did the system time change, or is the server overloaded?
2013-12-13 21:14:20 [INFO] kylen8tr lost connection: disconnect.quitting
2013-12-13 21:15:56 [INFO] Stopping the server
2013-12-13 21:15:58 [INFO] Closing listening thread
2013-12-13 21:15:58 [INFO] Stopping server
2013-12-13 21:15:58 [INFO] Saving players
2013-12-13 21:15:58 [INFO] Saving worlds
2013-12-13 21:15:58 [INFO] Saving chunks for level 'world'/Overworld
2013-12-13 21:15:58 [INFO] Saving chunks for level 'world'/Nether
2013-12-13 21:15:59 [INFO] Stopping server
2013-12-13 21:15:59 [INFO] Saving players
2013-12-13 21:16:43 [INFO] Starting minecraft server version 1.5.2
2013-12-13 21:16:48 [SEVERE] BukkitForge plugins may misbehave when using the gui! Run the server with 'nogui'!
2013-12-13 21:17:33 [INFO] Loading properties
2013-12-13 21:17:33 [INFO] Default game type: SURVIVAL
2013-12-13 21:17:33 [INFO] Generating keypair
2013-12-13 21:17:34 [INFO] Starting Minecraft server on *:25565
2013-12-13 21:18:11 [INFO] Preparing level "world"
2013-12-13 21:18:13 [INFO] Preparing start region for level 0
2013-12-13 21:18:14 [INFO] Preparing spawn area: 57%
2013-12-13 21:18:14 [INFO] Done (3.485s)! For help, type "help" or "?"
2013-12-13 21:18:16 [INFO] Damage Indicators Mod v.2.7.0.1 is out of date. v.2.9.1.6 is now available.
2013-12-13 21:18:18 [INFO] /127.0.0.1:59068 lost connection
2013-12-13 21:18:24 [WARNING] Can't keep up! Did the system time change, or is the server overloaded?
2013-12-13 21:18:28 [INFO] Disconnecting kylen8tr [/127.0.0.1:59072]: Patience, my padawan! BukkitForge is still loading.
2013-12-13 21:18:37 [INFO] kylen8tr[/127.0.0.1:59081] logged in with entity id 543 at (71.26526254203353, 57.0, 237.2557235974225)
2013-12-13 21:18:40 [WARNING] Can't keep up! Did the system time change, or is the server overloaded?
2013-12-13 21:43:27 [WARNING] Can't keep up! Did the system time change, or is the server overloaded?
2013-12-13 21:43:46 [WARNING] Can't keep up! Did the system time change, or is the server overloaded?
2013-12-13 21:44:07 [WARNING] Can't keep up! Did the system time change, or is the server overloaded?
2013-12-13 21:44:27 [WARNING] Can't keep up! Did the system time change, or is the server overloaded?
2013-12-13 21:44:42 [WARNING] Can't keep up! Did the system time change, or is the server overloaded?
2013-12-13 21:52:15 [WARNING] Can't keep up! Did the system time change, or is the server overloaded?
2013-12-13 21:58:47 [INFO] kylen8tr lost connection: disconnect.quitting
2013-12-13 21:59:56 [INFO] Stopping the server
2013-12-13 21:59:58 [INFO] Closing listening thread
2013-12-13 21:59:58 [INFO] Stopping server
2013-12-13 21:59:58 [INFO] Saving players
2013-12-13 21:59:58 [INFO] Saving worlds
2013-12-13 21:59:58 [INFO] Saving chunks for level 'world'/Overworld
2013-12-13 21:59:59 [INFO] Saving chunks for level 'world'/Nether
2013-12-13 21:59:59 [INFO] Stopping server
2013-12-13 21:59:59 [INFO] Saving players
2013-12-13 21:59:59 [INFO] Saving worlds
2013-12-13 22:02:11 [INFO] Starting minecraft server version 1.5.2
2013-12-13 22:02:16 [SEVERE] BukkitForge plugins may misbehave when using the gui! Run the server with 'nogui'!
2013-12-13 22:02:52 [INFO] Loading properties
2013-12-13 22:02:52 [INFO] Default game type: SURVIVAL
2013-12-13 22:02:52 [INFO] Generating keypair
2013-12-13 22:02:52 [INFO] Starting Minecraft server on *:25565
2013-12-13 22:03:22 [INFO] Preparing level "world"
2013-12-13 22:03:25 [INFO] Preparing start region for level 0
2013-12-13 22:03:26 [INFO] Preparing spawn area: 49%
2013-12-13 22:03:26 [INFO] Done (3.442s)! For help, type "help" or "?"
2013-12-13 22:03:28 [INFO] Damage Indicators Mod v.2.7.0.1 is out of date. v.2.9.1.6 is now available.
2013-12-13 22:03:33 [WARNING] Can't keep up! Did the system time change, or is the server overloaded?
2013-12-13 22:04:04 [INFO] kylen8tr[/127.0.0.1:14340] logged in with entity id 496 at (74.05315855024472, 57.0, 215.17029122242536)
2013-12-13 22:05:44 [WARNING] Can't keep up! Did the system time change, or is the server overloaded?
2013-12-13 22:16:00 [INFO] [kylen8tr: Stopping the server]
2013-12-13 22:16:01 [INFO] Closing listening thread
2013-12-13 22:16:01 [INFO] Stopping server
2013-12-13 22:16:01 [INFO] Saving players
2013-12-13 22:16:01 [INFO] Saving worlds
2013-12-13 22:16:01 [INFO] Saving chunks for level 'world'/Overworld
2013-12-13 22:16:01 [INFO] Saving chunks for level 'world'/Nether
2013-12-13 22:16:02 [INFO] Stopping server
2013-12-13 22:16:02 [INFO] Saving players
2013-12-13 22:16:02 [INFO] Saving worlds
2013-12-13 22:22:14 [INFO] Starting minecraft server version 1.5.2
2013-12-13 22:22:19 [SEVERE] BukkitForge plugins may misbehave when using the gui! Run the server with 'nogui'!
2013-12-13 22:22:54 [INFO] Loading properties
2013-12-13 22:22:54 [INFO] Default game type: SURVIVAL
2013-12-13 22:22:54 [INFO] Generating keypair
2013-12-13 22:22:54 [INFO] Starting Minecraft server on *:25565
2013-12-13 22:23:27 [INFO] Preparing level "world"
2013-12-13 22:23:30 [INFO] Preparing start region for level 0
2013-12-13 22:23:31 [INFO] Preparing spawn area: 40%
2013-12-13 22:23:31 [INFO] Done (3.816s)! For help, type "help" or "?"
2013-12-13 22:23:33 [INFO] Damage Indicators Mod v.2.7.0.1 is out of date. v.2.9.1.6 is now available.
2013-12-13 22:23:37 [WARNING] Can't keep up! Did the system time change, or is the server overloaded?
2013-12-13 22:23:56 [INFO] /127.0.0.1:14446 lost connection
2013-12-13 22:24:03 [INFO] kylen8tr[/127.0.0.1:14450] logged in with entity id 474 at (50.36026725150168, 57.0, 230.21793172972488)
2013-12-13 22:47:46 [INFO] [kylen8tr: Stopping the server]
2013-12-13 22:47:46 [INFO] Closing listening thread
2013-12-13 22:47:46 [INFO] Stopping server
2013-12-13 22:47:46 [INFO] Saving players
2013-12-13 22:47:46 [INFO] Saving worlds
2013-12-13 22:47:46 [INFO] Saving chunks for level 'world'/Overworld
2013-12-13 22:47:46 [INFO] Saving chunks for level 'world'/Nether
2013-12-15 22:10:43 [INFO] Starting minecraft server version 1.5.2
2013-12-15 22:11:03 [INFO] Loading properties
2013-12-15 22:11:03 [INFO] Default game type: SURVIVAL
2013-12-15 22:11:03 [INFO] Generating keypair
2013-12-15 22:11:03 [INFO] Starting Minecraft server on *:25565
2013-12-15 22:11:12 [INFO] Preparing level "world"
2013-12-15 22:11:13 [INFO] Preparing start region for level 0
2013-12-15 22:11:13 [INFO] Done (1.240s)! For help, type "help" or "?"
2013-12-15 22:11:14 [INFO] Damage Indicators Mod v.2.7.0.1 is out of date. v.2.9.1.7 is now available.
2013-12-15 22:11:17 [WARNING] Can't keep up! Did the system time change, or is the server overloaded?
2013-12-15 22:12:25 [INFO] [Server] hello
2013-12-15 22:15:26 [INFO] Stopping the server
2013-12-15 22:15:27 [INFO] Closing listening thread
2013-12-15 22:15:27 [INFO] Stopping server
2013-12-15 22:15:27 [INFO] Saving players
2013-12-15 22:15:27 [INFO] Saving worlds
2013-12-15 22:15:27 [INFO] Saving chunks for level 'world'/Overworld
2013-12-15 22:15:27 [INFO] Saving chunks for level 'world'/Nether
2013-12-15 22:15:28 [INFO] Stopping server
2013-12-15 22:15:28 [INFO] Saving players
2013-12-15 22:15:28 [INFO] Saving worlds
2013-12-15 22:15:43 [INFO] Starting minecraft server version 1.5.2
2013-12-15 22:16:03 [INFO] Loading properties
2013-12-15 22:16:03 [INFO] Default game type: SURVIVAL
2013-12-15 22:16:03 [INFO] Generating keypair
2013-12-15 22:16:03 [INFO] Starting Minecraft server on *:25565
2013-12-15 22:16:11 [INFO] Preparing level "world"
2013-12-15 22:16:12 [INFO] Preparing start region for level 0
2013-12-15 22:16:13 [INFO] Done (1.235s)! For help, type "help" or "?"
2013-12-15 22:16:13 [INFO] Damage Indicators Mod v.2.7.0.1 is out of date. v.2.9.1.7 is now available.
2013-12-15 22:19:41 [INFO] kylen8tr[/192.168.1.140:17273] logged in with entity id 435 at (70.7554847174397, 57.0, 239.69630851290708)
2013-12-15 22:26:37 [INFO] Stopping the server
2013-12-15 22:26:38 [INFO] Closing listening thread
2013-12-15 22:26:38 [INFO] Stopping server
2013-12-15 22:26:38 [INFO] Saving players
2013-12-15 22:26:38 [INFO] Saving worlds
2013-12-15 22:26:38 [INFO] Saving chunks for level 'world'/Overworld
2013-12-15 22:26:38 [INFO] Saving chunks for level 'world'/Nether
2013-12-15 22:26:38 [INFO] Stopping server
2013-12-15 22:26:38 [INFO] Saving players
2013-12-15 22:26:38 [INFO] Saving worlds
2013-12-16 16:45:32 [INFO] Starting minecraft server version 1.5.2
2013-12-16 16:45:53 [INFO] Loading properties
2013-12-16 16:45:53 [INFO] Default game type: SURVIVAL
2013-12-16 16:45:53 [INFO] Generating keypair
2013-12-16 16:45:54 [INFO] Starting Minecraft server on *:25565
2013-12-16 16:46:03 [INFO] Preparing level "world"
2013-12-16 16:46:03 [INFO] Preparing start region for level 0
2013-12-16 16:46:04 [INFO] Done (1.378s)! For help, type "help" or "?"
2013-12-16 16:46:05 [INFO] Damage Indicators Mod v.2.7.0.1 is out of date. v.2.9.1.7 is now available.
2013-12-16 17:00:44 [INFO] kylen8tr[/192.168.1.111:49603] logged in with entity id 542 at (65.34507932803459, 57.0, 223.4225297095779)
2013-12-16 17:21:05 [INFO] kylen8tr lost connection: disconnect.quitting
2013-12-16 17:45:19 [INFO] kylen8tr[/192.168.1.111:51929] logged in with entity id 13757 at (63.626135250805035, 57.0, 226.19570784315036)
2013-12-16 18:12:29 [INFO] kylen8tr lost connection: disconnect.genericReason
2013-12-16 18:20:05 [INFO] Stopping the server
2013-12-16 18:20:06 [INFO] Closing listening thread
2013-12-16 18:20:06 [INFO] Stopping server
2013-12-16 18:20:06 [INFO] Saving players
2013-12-16 18:20:06 [INFO] Saving worlds
2013-12-16 18:20:06 [INFO] Saving chunks for level 'world'/Overworld
2013-12-16 18:20:06 [INFO] Saving chunks for level 'world'/Nether
2013-12-16 18:20:06 [INFO] Stopping server
2013-12-16 18:20:06 [INFO] Saving players
2013-12-16 18:20:06 [INFO] Saving worlds
2013-12-16 21:10:28 [INFO] Starting minecraft server version 1.5.2
2013-12-16 21:10:50 [INFO] Loading properties
2013-12-16 21:10:50 [INFO] Default game type: SURVIVAL
2013-12-16 21:10:50 [INFO] Generating keypair
2013-12-16 21:10:50 [INFO] Starting Minecraft server on *:25565
2013-12-16 21:10:59 [INFO] Preparing level "world"
2013-12-16 21:11:00 [INFO] Preparing start region for level 0
2013-12-16 21:11:00 [INFO] Done (1.446s)! For help, type "help" or "?"
2013-12-16 21:11:01 [INFO] Damage Indicators Mod v.2.7.0.1 is out of date. v.2.9.1.8 is now available.
2013-12-16 23:16:03 [INFO] Stopping the server
2013-12-16 23:16:03 [INFO] Closing listening thread
2013-12-16 23:16:03 [INFO] Stopping server
2013-12-16 23:16:03 [INFO] Saving players
2013-12-16 23:16:03 [INFO] Saving worlds
2013-12-16 23:16:03 [INFO] Saving chunks for level 'world'/Overworld
2013-12-16 23:16:03 [INFO] Saving chunks for level 'world'/Nether
2013-12-16 23:16:04 [INFO] Stopping server
2013-12-16 23:16:04 [INFO] Saving players
2013-12-16 23:16:04 [INFO] Saving worlds
2013-12-16 23:28:43 [INFO] Starting minecraft server version 1.5.2
2013-12-16 23:29:05 [INFO] Loading properties
2013-12-16 23:29:05 [INFO] Default game type: SURVIVAL
2013-12-16 23:29:05 [INFO] Generating keypair
2013-12-16 23:29:05 [INFO] Starting Minecraft server on *:25565
2013-12-16 23:29:14 [INFO] Preparing level "world"
2013-12-16 23:29:15 [INFO] Preparing start region for level 0
2013-12-16 23:29:16 [INFO] Done (1.350s)! For help, type "help" or "?"
2013-12-16 23:29:16 [INFO] Damage Indicators Mod v.2.7.0.1 is out of date. v.2.9.1.8 is now available.
2013-12-16 23:30:28 [INFO] Unknown command. Try /help for a list of commands.
2013-12-16 23:30:36 [INFO] --- Showing help page 1 of 46 (/help <page>) ---
2013-12-16 23:30:36 [INFO] /.s [args...]
2013-12-16 23:30:36 [INFO] // [on|off]
2013-12-16 23:30:36 [INFO] //center <block>
2013-12-16 23:30:36 [INFO] //chunk [x,z coordinates]
2013-12-16 23:30:36 [INFO] //clearhistory 
2013-12-16 23:30:36 [INFO] //contract <amount> [reverse-amount] [direction]
2013-12-16 23:30:36 [INFO] //copy 
2013-12-16 23:30:49 [INFO] Unknown command. Try /help for a list of commands.
2013-12-16 23:30:52 [INFO] Stopping the server
2013-12-16 23:30:53 [INFO] Closing listening thread
2013-12-16 23:30:53 [INFO] Stopping server
2013-12-16 23:30:53 [INFO] Saving players
2013-12-16 23:30:53 [INFO] Saving worlds
2013-12-16 23:30:53 [INFO] Saving chunks for level 'world'/Overworld
2013-12-16 23:30:53 [INFO] Saving chunks for level 'world'/Nether
2013-12-16 23:30:53 [INFO] Stopping server
2013-12-16 23:30:53 [INFO] Saving players
2013-12-16 23:30:53 [INFO] Saving worlds
2013-12-16 23:33:25 [INFO] Starting minecraft server version 1.5.2
2013-12-16 23:33:46 [INFO] Loading properties
2013-12-16 23:33:46 [INFO] Default game type: SURVIVAL
2013-12-16 23:33:46 [INFO] Generating keypair
2013-12-16 23:33:46 [INFO] Starting Minecraft server on *:25565
2013-12-16 23:33:55 [INFO] Preparing level "world"
2013-12-16 23:33:55 [INFO] Preparing start region for level 0
2013-12-16 23:33:56 [INFO] Done (1.243s)! For help, type "help" or "?"
2013-12-16 23:33:57 [INFO] Damage Indicators Mod v.2.7.0.1 is out of date. v.2.9.1.8 is now available.
2013-12-16 23:40:05 [INFO] Stopping the server
2013-12-16 23:40:05 [INFO] Closing listening thread
2013-12-16 23:40:05 [INFO] Stopping server
2013-12-16 23:40:05 [INFO] Saving players
2013-12-16 23:40:05 [INFO] Saving worlds
2013-12-16 23:40:05 [INFO] Saving chunks for level 'world'/Overworld
2013-12-16 23:40:05 [INFO] Saving chunks for level 'world'/Nether
2013-12-16 23:40:05 [INFO] Stopping server
2013-12-16 23:40:05 [INFO] Saving players
2013-12-16 23:40:05 [INFO] Saving worlds
2013-12-16 23:46:43 [INFO] Starting minecraft server version 1.5.2
2013-12-16 23:47:04 [INFO] Loading properties
2013-12-16 23:47:04 [INFO] Default game type: SURVIVAL
2013-12-16 23:47:04 [INFO] Generating keypair
2013-12-16 23:47:04 [INFO] Starting Minecraft server on *:25565
2013-12-16 23:47:13 [INFO] Preparing level "world"
2013-12-16 23:47:13 [INFO] Preparing start region for level 0
2013-12-16 23:47:14 [INFO] Done (1.235s)! For help, type "help" or "?"
2013-12-16 23:47:15 [INFO] Damage Indicators Mod v.2.7.0.1 is out of date. v.2.9.1.8 is now available.
2013-12-16 23:47:41 [INFO] Stopping the server
2013-12-16 23:47:41 [INFO] Closing listening thread
2013-12-16 23:47:41 [INFO] Stopping server
2013-12-16 23:47:41 [INFO] Saving players
2013-12-16 23:47:41 [INFO] Saving worlds
2013-12-16 23:47:41 [INFO] Saving chunks for level 'world'/Overworld
2013-12-16 23:47:41 [INFO] Saving chunks for level 'world'/Nether
2013-12-16 23:47:42 [INFO] Stopping server
2013-12-16 23:47:42 [INFO] Saving players
2013-12-16 23:47:42 [INFO] Saving worlds
2013-12-17 23:26:42 [INFO] Starting minecraft server version 1.5.2
2013-12-17 23:27:04 [INFO] Loading properties
2013-12-17 23:27:04 [INFO] Default game type: SURVIVAL
2013-12-17 23:27:04 [INFO] Generating keypair
2013-12-17 23:27:04 [INFO] Starting Minecraft server on *:25565
2013-12-17 23:27:14 [INFO] Preparing level "world"
2013-12-17 23:27:14 [INFO] Preparing start region for level 0
2013-12-17 23:27:15 [INFO] Done (1.330s)! For help, type "help" or "?"
2013-12-17 23:27:16 [INFO] Damage Indicators Mod v.2.7.0.1 is out of date. v.2.9.1.8 is now available.
2013-12-18 00:29:58 [INFO] kylen8tr[/192.168.1.111:49900] logged in with entity id 777 at (143.63461831658142, 59.015631374282414, 263.2678932960564)
2013-12-18 00:45:03 [INFO] kylen8tr lost connection: disconnect.quitting
2013-12-18 00:46:27 [INFO] kylen8tr[/192.168.1.111:50501] logged in with entity id 20544 at (118.19204391522955, 57.0, 261.04699941851413)
2013-12-18 01:13:37 [INFO] kylen8tr lost connection: disconnect.quitting
2013-12-18 01:23:48 [INFO] Stopping server
2013-12-18 01:23:48 [INFO] Saving players
2013-12-18 01:23:48 [INFO] Saving worlds
2013-12-18 01:23:48 [INFO] Saving chunks for level 'world'/Overworld
2013-12-18 01:23:48 [INFO] Closing listening thread
2013-12-21 23:21:16 [INFO] Starting minecraft server version 1.5.2
2013-12-21 23:21:37 [INFO] Loading properties
2013-12-21 23:21:37 [INFO] Default game type: SURVIVAL
2013-12-21 23:21:37 [INFO] Generating keypair
2013-12-21 23:21:38 [INFO] Starting Minecraft server on *:25565
2013-12-21 23:21:38 [WARNING] **** FAILED TO BIND TO PORT!
2013-12-21 23:21:38 [WARNING] The exception was: java.net.BindException: Address already in use
2013-12-21 23:21:38 [WARNING] Perhaps a server is already running on that port?
2013-12-21 23:22:37 [INFO] Unknown command. Try /help for a list of commands.
2013-12-21 23:22:38 [INFO] Unknown command. Try /help for a list of commands.
2013-12-21 23:22:39 [INFO] Unknown command. Try /help for a list of commands.
2013-12-21 23:22:39 [INFO] Unknown command. Try /help for a list of commands.
2013-12-21 23:22:39 [INFO] Unknown command. Try /help for a list of commands.
2013-12-21 23:22:39 [INFO] Unknown command. Try /help for a list of commands.
2013-12-21 23:22:39 [INFO] Unknown command. Try /help for a list of commands.
2013-12-21 23:22:39 [INFO] Unknown command. Try /help for a list of commands.
2013-12-21 23:22:39 [INFO] Unknown command. Try /help for a list of commands.
2013-12-21 23:22:39 [INFO] Unknown command. Try /help for a list of commands.
2013-12-21 23:22:39 [INFO] Unknown command. Try /help for a list of commands.
2013-12-21 23:22:39 [INFO] Unknown command. Try /help for a list of commands.
2013-12-21 23:22:39 [INFO] Unknown command. Try /help for a list of commands.
2013-12-21 23:22:41 [INFO] Unknown command. Try /help for a list of commands.
2013-12-21 23:22:41 [INFO] Unknown command. Try /help for a list of commands.
2013-12-21 23:22:44 [INFO] An unknown error occurred while attempting to perform this command
2013-12-21 23:22:48 [INFO] An unknown error occurred while attempting to perform this command
2013-12-21 23:22:52 [INFO] Unknown command. Try /help for a list of commands.
2013-12-21 23:22:56 [INFO] Stopping server
2013-12-21 23:22:56 [INFO] Saving worlds
2013-12-24 16:19:35 [INFO] Starting minecraft server version 1.5.2
2013-12-24 16:19:56 [INFO] Loading properties
2013-12-24 16:19:56 [INFO] Default game type: SURVIVAL
2013-12-24 16:19:56 [INFO] Generating keypair
2013-12-24 16:19:57 [INFO] Starting Minecraft server on *:25565
2013-12-24 16:20:06 [INFO] Preparing level "world"
2013-12-24 16:20:07 [INFO] Preparing start region for level 0
2013-12-24 16:20:07 [INFO] Done (1.402s)! For help, type "help" or "?"
2013-12-24 16:20:08 [INFO] Damage Indicators Mod v.2.7.0.1 is out of date. v.2.9.2.0 is now available.
2013-12-24 16:38:25 [INFO] kylen8tr[/192.168.1.111:49981] logged in with entity id 525 at (-367.110715636242, 71.52334709920189, -238.0781372195624)
2013-12-24 16:42:42 [INFO] kylen8tr lost connection: disconnect.endOfStream
2013-12-24 16:44:22 [INFO] kylen8tr[/192.168.1.111:50051] logged in with entity id 33475 at (99.12053972297934, 57.0, 240.38746519631434)
2013-12-24 17:10:14 [INFO] kylen8tr lost connection: disconnect.quitting
2013-12-24 17:14:12 [INFO] Stopping server
2013-12-24 17:14:12 [INFO] Closing listening thread
2013-12-24 17:14:12 [INFO] Saving players
2013-12-24 17:14:12 [INFO] Saving worlds
2013-12-24 17:14:12 [INFO] Saving chunks for level 'world'/Overworld
2013-12-25 15:34:45 [INFO] Starting minecraft server version 1.5.2
2013-12-25 15:35:07 [INFO] Loading properties
2013-12-25 15:35:07 [INFO] Default game type: SURVIVAL
2013-12-25 15:35:07 [INFO] Generating keypair
2013-12-25 15:35:07 [INFO] Starting Minecraft server on *:25565
2013-12-25 15:35:16 [INFO] Preparing level "world"
2013-12-25 15:35:17 [INFO] Preparing start region for level 0
2013-12-25 15:35:18 [INFO] Done (1.405s)! For help, type "help" or "?"
2013-12-25 15:35:18 [INFO] Damage Indicators Mod v.2.7.0.1 is out of date. v.2.9.2.1 is now available.
2013-12-25 15:35:20 [INFO] Stopping the server
2013-12-25 15:35:20 [SEVERE] Encountered an unexpected exception NullPointerException
java.lang.NullPointerException
	at keepcalm.mods.bukkit.BukkitContainer.serverStopping(BukkitContainer.java:351)
	at sun.reflect.NativeMethodAccessorImpl.invoke0(Native Method)
	at sun.reflect.NativeMethodAccessorImpl.invoke(NativeMethodAccessorImpl.java:57)
	at sun.reflect.DelegatingMethodAccessorImpl.invoke(DelegatingMethodAccessorImpl.java:43)
	at java.lang.reflect.Method.invoke(Method.java:622)
	at cpw.mods.fml.common.FMLModContainer.handleModStateEvent(FMLModContainer.java:494)
	at sun.reflect.GeneratedMethodAccessor1.invoke(Unknown Source)
	at sun.reflect.DelegatingMethodAccessorImpl.invoke(DelegatingMethodAccessorImpl.java:43)
	at java.lang.reflect.Method.invoke(Method.java:622)
	at com.google.common.eventbus.EventHandler.handleEvent(EventHandler.java:74)
	at com.google.common.eventbus.SynchronizedEventHandler.handleEvent(SynchronizedEventHandler.java:45)
	at com.google.common.eventbus.EventBus.dispatch(EventBus.java:314)
	at com.google.common.eventbus.EventBus.dispatchQueuedEvents(EventBus.java:296)
	at com.google.common.eventbus.EventBus.post(EventBus.java:267)
	at cpw.mods.fml.common.LoadController.sendEventToModContainer(LoadController.java:192)
	at cpw.mods.fml.common.LoadController.propogateStateMessage(LoadController.java:172)
	at sun.reflect.NativeMethodAccessorImpl.invoke0(Native Method)
	at sun.reflect.NativeMethodAccessorImpl.invoke(NativeMethodAccessorImpl.java:57)
	at sun.reflect.DelegatingMethodAccessorImpl.invoke(DelegatingMethodAccessorImpl.java:43)
	at java.lang.reflect.Method.invoke(Method.java:622)
	at com.google.common.eventbus.EventHandler.handleEvent(EventHandler.java:74)
	at com.google.common.eventbus.SynchronizedEventHandler.handleEvent(SynchronizedEventHandler.java:45)
	at com.google.common.eventbus.EventBus.dispatch(EventBus.java:314)
	at com.google.common.eventbus.EventBus.dispatchQueuedEvents(EventBus.java:296)
	at com.google.common.eventbus.EventBus.post(EventBus.java:267)
	at cpw.mods.fml.common.LoadController.distributeStateMessage(LoadController.java:103)
	at cpw.mods.fml.common.Loader.serverStopping(Loader.java:759)
	at cpw.mods.fml.common.FMLCommonHandler.handleServerStopping(FMLCommonHandler.java:324)
	at net.minecraft.server.MinecraftServer.run(MinecraftServer.java:476)
	at net.minecraft.server.ThreadMinecraftServer.run(SourceFile:573)
2013-12-25 15:35:20 [SEVERE] This crash report has been saved to: /home/parker/ftb server/./crash-reports/crash-2013-12-25_15.35.20-server.txt
2013-12-25 15:35:20 [INFO] Stopping server
2013-12-25 15:35:20 [INFO] Closing listening thread
2013-12-25 15:35:20 [INFO] Saving players
2013-12-25 15:35:20 [INFO] Saving worlds
2013-12-25 15:35:20 [INFO] Saving chunks for level 'world'/Overworld
2013-12-25 15:35:21 [INFO] Saving chunks for level 'world'/Nether
2013-12-25 15:35:21 [INFO] Saving chunks for level 'world'/The End
2013-12-25 15:35:21 [INFO] Saving chunks for level 'world'/Twilight Forest
2013-12-25 15:35:22 [INFO] Stopping server
2013-12-25 15:35:22 [INFO] Saving players
2013-12-25 15:35:22 [INFO] Saving worlds
2013-12-25 15:36:16 [INFO] Starting minecraft server version 1.5.2
2013-12-25 15:36:37 [INFO] Loading properties
2013-12-25 15:36:37 [INFO] Default game type: SURVIVAL
2013-12-25 15:36:37 [INFO] Generating keypair
2013-12-25 15:36:37 [INFO] Starting Minecraft server on *:25565
2013-12-25 15:36:46 [INFO] Preparing level "world"
2013-12-25 15:36:47 [INFO] Preparing start region for level 0
2013-12-25 15:36:47 [INFO] Done (1.246s)! For help, type "help" or "?"
2013-12-25 15:36:48 [INFO] Damage Indicators Mod v.2.7.0.1 is out of date. v.2.9.2.1 is now available.
2013-12-25 17:01:56 [INFO] kylen8tr[/192.168.1.111:51354] logged in with entity id 1122 at (127.57633734484588, 63.156211391359136, 258.17449680007644)
2013-12-25 17:10:12 [INFO] kylen8tr lost connection: disconnect.endOfStream
2013-12-25 17:10:12 [WARNING] Can't keep up! Did the system time change, or is the server overloaded?
2013-12-25 17:10:19 [INFO] kylen8tr[/192.168.1.111:51400] logged in with entity id 165158 at (141.92244555908775, 80.06308212289528, 220.3547043600916)
2013-12-25 17:15:00 [WARNING] Can't keep up! Did the system time change, or is the server overloaded?
2013-12-25 17:16:06 [INFO] kylen8tr lost connection: disconnect.quitting
2013-12-25 17:16:16 [INFO] kylen8tr[/192.168.1.111:51448] logged in with entity id 489524 at (53.34120554174532, 53.0, 211.30000001192093)
2013-12-25 17:16:43 [INFO] kylen8tr lost connection: disconnect.quitting
2013-12-25 17:17:10 [INFO] kylen8tr[/192.168.1.111:51454] logged in with entity id 516201 at (64.95807700394784, 61.40386382022515, 234.1158900192229)
2013-12-25 18:19:41 [INFO] kylen8tr lost connection: disconnect.quitting
2013-12-25 18:26:54 [INFO] Stopping server
2013-12-25 18:26:54 [INFO] Saving players
2013-12-25 18:26:54 [INFO] Saving worlds
2013-12-25 18:26:54 [INFO] Saving chunks for level 'world'/Overworld
2013-12-25 18:26:54 [INFO] Closing listening thread
2013-12-25 21:07:06 [INFO] Starting minecraft server version 1.5.2
2013-12-25 21:07:28 [INFO] Loading properties
2013-12-25 21:07:28 [INFO] Default game type: SURVIVAL
2013-12-25 21:07:28 [INFO] Generating keypair
2013-12-25 21:07:29 [INFO] Starting Minecraft server on *:25565
2013-12-25 21:07:38 [INFO] Preparing level "world"
2013-12-25 21:07:38 [INFO] Preparing start region for level 0
2013-12-25 21:07:39 [INFO] Done (1.349s)! For help, type "help" or "?"
2013-12-25 21:07:40 [INFO] Damage Indicators Mod v.2.7.0.1 is out of date. v.2.9.2.1 is now available.
2013-12-25 23:07:45 [INFO] kylen8tr[/192.168.1.111:61333] logged in with entity id 3243 at (141.54161686034846, 57.0, 261.25878381799316)
2013-12-25 23:37:47 [INFO] kylen8tr lost connection: disconnect.quitting
2013-12-26 00:42:41 [INFO] Stopping server
2013-12-26 00:42:41 [INFO] Closing listening thread
2013-12-26 00:42:41 [INFO] Saving players
2013-12-26 00:42:41 [INFO] Saving worlds
2013-12-26 00:42:41 [INFO] Saving chunks for level 'world'/Overworld
2013-12-26 14:48:31 [INFO] Starting minecraft server version 1.5.2
2013-12-26 14:48:53 [INFO] Loading properties
2013-12-26 14:48:53 [INFO] Default game type: SURVIVAL
2013-12-26 14:48:53 [INFO] Generating keypair
2013-12-26 14:48:53 [INFO] Starting Minecraft server on *:25565
2013-12-26 14:49:03 [INFO] Preparing level "world"
2013-12-26 14:49:03 [INFO] Preparing start region for level 0
2013-12-26 14:49:04 [INFO] Done (1.442s)! For help, type "help" or "?"
2013-12-26 14:49:05 [INFO] Damage Indicators Mod v.2.7.0.1 is out of date. v.2.9.2.1 is now available.
2013-12-26 18:45:07 [INFO] kylen8tr[/192.168.1.114:50692] logged in with entity id 5948 at (86.11387138136269, 66.49771478177003, 239.92954617311767)
2013-12-26 20:44:04 [INFO] kylen8tr lost connection: disconnect.quitting
2013-12-27 14:44:17 [INFO] Stopping the server
2013-12-27 14:44:17 [INFO] Closing listening thread
2013-12-27 14:44:17 [INFO] Stopping server
2013-12-27 14:44:17 [INFO] Saving players
2013-12-27 14:44:17 [INFO] Saving worlds
2013-12-27 14:44:17 [INFO] Saving chunks for level 'world'/Overworld
2013-12-27 14:44:17 [INFO] Saving chunks for level 'world'/Nether
2013-12-27 14:44:18 [INFO] Stopping server
2013-12-27 14:44:18 [INFO] Saving players
2013-12-27 14:44:18 [INFO] Saving worlds
